<?xml version="1.0" encoding="UTF-8"?>
<!-- Generated by org.testng.reporters.JUnitXMLReporter -->
<testsuite hostname="a45e60be183f.ant.amazon.com" name="Default test" tests="1" failures="0" timestamp="12 Dec 2016 20:46:35 GMT" time="0.016" errors="0">
  <testcase name="@BeforeSuite configLoader" time="0.0" classname="testcases.GoogleSearchTests">
    <failure type="org.testng.TestNGException" message="
Parameter &amp;apos;config-file&amp;apos; is required by @Configuration on method configLoader but has not been marked @Optional or defined
in /private/var/folders/xf/73rt6tbs151_l1vw6qyw643snrwg38/T/testng-eclipse--881181837/testng-customsuite.xml">
      <![CDATA[org.testng.TestNGException: 
Parameter 'config-file' is required by @Configuration on method configLoader but has not been marked @Optional or defined
in /private/var/folders/xf/73rt6tbs151_l1vw6qyw643snrwg38/T/testng-eclipse--881181837/testng-customsuite.xml
	at org.testng.internal.Parameters.createParameters(Parameters.java:155)
	at org.testng.internal.Parameters.createParameters(Parameters.java:355)
	at org.testng.internal.Parameters.createConfigurationParameters(Parameters.java:86)
	at org.testng.internal.Invoker.invokeConfigurations(Invoker.java:199)
	at org.testng.internal.Invoker.invokeConfigurations(Invoker.java:138)
	at org.testng.SuiteRunner.privateRun(SuiteRunner.java:277)
	at org.testng.SuiteRunner.run(SuiteRunner.java:240)
	at org.testng.SuiteRunnerWorker.runSuite(SuiteRunnerWorker.java:52)
	at org.testng.SuiteRunnerWorker.run(SuiteRunnerWorker.java:86)
	at org.testng.TestNG.runSuitesSequentially(TestNG.java:1198)
	at org.testng.TestNG.runSuitesLocally(TestNG.java:1123)
	at org.testng.TestNG.run(TestNG.java:1031)
	at org.testng.remote.AbstractRemoteTestNG.run(AbstractRemoteTestNG.java:132)
	at org.testng.remote.RemoteTestNG.initAndRun(RemoteTestNG.java:236)
	at org.testng.remote.RemoteTestNG.main(RemoteTestNG.java:81)
]]>
    </failure>
  </testcase> <!-- @BeforeSuite configLoader -->
  <testcase name="@BeforeClass setUp" time="0.0" classname="testcases.GoogleSearchTests">
    <skipped/>
  </testcase> <!-- @BeforeClass setUp -->
  <testcase name="@AfterClass tearDown" time="0.0" classname="testcases.GoogleSearchTests">
    <skipped/>
  </testcase> <!-- @AfterClass tearDown -->
  <testcase name="testLoginLogout" time="0.001" classname="testcases.GoogleSearchTests">
    <skipped/>
  </testcase> <!-- testLoginLogout -->
</testsuite> <!-- Default test -->
